  CircleCollision.cpp
D:\cpp\GameEngine\GameEngine\CircleCollision.cpp(13,13): warning C4244: "inicjowanie": konwersja z "float" do "int", możliwa utrata danych
D:\cpp\GameEngine\GameEngine\CircleCollision.cpp(24,16): warning C4244: "inicjowanie": konwersja z "float" do "int", możliwa utrata danych
D:\cpp\GameEngine\GameEngine\CircleCollision.cpp(29,18): warning C4244: "inicjowanie": konwersja z "double" do "float", możliwa utrata danych
  GameObject.cpp
  KeyboardMovement.cpp
  RigidBody.cpp
C:\Program Files\Microsoft Visual Studio\2022\Community\VC\Tools\MSVC\14.33.31629\include\memory(3140,1): error C2027: wykorzystanie niezdefiniowanego przez użytkownika typu "nGameEngine::GameEngine"
D:\cpp\GameEngine\GameEngine\GameObject.h(12): message : zobacz deklarację „nGameEngine::GameEngine”
C:\Program Files\Microsoft Visual Studio\2022\Community\VC\Tools\MSVC\14.33.31629\include\memory(3139): message : podczas kompilowania funkcji składowej „void std::default_delete<nGameEngine::GameEngine>::operator ()(_Ty *) noexcept const” klasy klasa szablon
          with
          [
              _Ty=nGameEngine::GameEngine
          ]
C:\Program Files\Microsoft Visual Studio\2022\Community\VC\Tools\MSVC\14.33.31629\include\memory(3252): message : zobacz odwołanie do kompilowanego tworzenia wystąpienia „void std::default_delete<nGameEngine::GameEngine>::operator ()(_Ty *) noexcept const” funkcji szablon
          with
          [
              _Ty=nGameEngine::GameEngine
          ]
C:\Program Files\Microsoft Visual Studio\2022\Community\VC\Tools\MSVC\14.33.31629\include\memory(3176): message : zobacz odwołanie do kompilowanego tworzenia wystąpienia „std::default_delete<nGameEngine::GameEngine>” klasy klasa szablon
D:\cpp\GameEngine\GameEngine\GameObject.h(21): message : zobacz odwołanie do kompilowanego tworzenia wystąpienia „std::unique_ptr<nGameEngine::GameEngine,std::default_delete<nGameEngine::GameEngine>>” klasy klasa szablon
C:\Program Files\Microsoft Visual Studio\2022\Community\VC\Tools\MSVC\14.33.31629\include\memory(3140,25): error C2338: static_assert failed: 'can't delete an incomplete type'
C:\Program Files\Microsoft Visual Studio\2022\Community\VC\Tools\MSVC\14.33.31629\include\memory(3141,9): warning C4150: usunięcie wskaźnika do niekompletnego typu "nGameEngine::GameEngine"; brak wywołania destruktora
D:\cpp\GameEngine\GameEngine\GameObject.h(12): message : zobacz deklarację „nGameEngine::GameEngine”
  Sprite.cpp
C:\Program Files\Microsoft Visual Studio\2022\Community\VC\Tools\MSVC\14.33.31629\include\memory(3140,1): error C2027: wykorzystanie niezdefiniowanego przez użytkownika typu "nGameEngine::GameEngine"
D:\cpp\GameEngine\GameEngine\GameObject.h(12): message : zobacz deklarację „nGameEngine::GameEngine”
C:\Program Files\Microsoft Visual Studio\2022\Community\VC\Tools\MSVC\14.33.31629\include\memory(3139): message : podczas kompilowania funkcji składowej „void std::default_delete<nGameEngine::GameEngine>::operator ()(_Ty *) noexcept const” klasy klasa szablon
          with
          [
              _Ty=nGameEngine::GameEngine
          ]
C:\Program Files\Microsoft Visual Studio\2022\Community\VC\Tools\MSVC\14.33.31629\include\memory(3252): message : zobacz odwołanie do kompilowanego tworzenia wystąpienia „void std::default_delete<nGameEngine::GameEngine>::operator ()(_Ty *) noexcept const” funkcji szablon
          with
          [
              _Ty=nGameEngine::GameEngine
          ]
C:\Program Files\Microsoft Visual Studio\2022\Community\VC\Tools\MSVC\14.33.31629\include\memory(3176): message : zobacz odwołanie do kompilowanego tworzenia wystąpienia „std::default_delete<nGameEngine::GameEngine>” klasy klasa szablon
D:\cpp\GameEngine\GameEngine\GameObject.h(21): message : zobacz odwołanie do kompilowanego tworzenia wystąpienia „std::unique_ptr<nGameEngine::GameEngine,std::default_delete<nGameEngine::GameEngine>>” klasy klasa szablon
C:\Program Files\Microsoft Visual Studio\2022\Community\VC\Tools\MSVC\14.33.31629\include\memory(3140,25): error C2338: static_assert failed: 'can't delete an incomplete type'
C:\Program Files\Microsoft Visual Studio\2022\Community\VC\Tools\MSVC\14.33.31629\include\memory(3141,9): warning C4150: usunięcie wskaźnika do niekompletnego typu "nGameEngine::GameEngine"; brak wywołania destruktora
D:\cpp\GameEngine\GameEngine\GameObject.h(12): message : zobacz deklarację „nGameEngine::GameEngine”
  Transform.cpp
C:\Program Files\Microsoft Visual Studio\2022\Community\VC\Tools\MSVC\14.33.31629\include\memory(3140,1): error C2027: wykorzystanie niezdefiniowanego przez użytkownika typu "nGameEngine::GameObject"
D:\cpp\GameEngine\GameEngine\Component.h(6): message : zobacz deklarację „nGameEngine::GameObject”
C:\Program Files\Microsoft Visual Studio\2022\Community\VC\Tools\MSVC\14.33.31629\include\memory(3139): message : podczas kompilowania funkcji składowej „void std::default_delete<nGameEngine::GameObject>::operator ()(_Ty *) noexcept const” klasy klasa szablon
          with
          [
              _Ty=nGameEngine::GameObject
          ]
C:\Program Files\Microsoft Visual Studio\2022\Community\VC\Tools\MSVC\14.33.31629\include\memory(3252): message : zobacz odwołanie do kompilowanego tworzenia wystąpienia „void std::default_delete<nGameEngine::GameObject>::operator ()(_Ty *) noexcept const” funkcji szablon
          with
          [
              _Ty=nGameEngine::GameObject
          ]
C:\Program Files\Microsoft Visual Studio\2022\Community\VC\Tools\MSVC\14.33.31629\include\memory(3176): message : zobacz odwołanie do kompilowanego tworzenia wystąpienia „std::default_delete<nGameEngine::GameObject>” klasy klasa szablon
D:\cpp\GameEngine\GameEngine\Component.h(10): message : zobacz odwołanie do kompilowanego tworzenia wystąpienia „std::unique_ptr<nGameEngine::GameObject,std::default_delete<nGameEngine::GameObject>>” klasy klasa szablon
C:\Program Files\Microsoft Visual Studio\2022\Community\VC\Tools\MSVC\14.33.31629\include\memory(3140,25): error C2338: static_assert failed: 'can't delete an incomplete type'
C:\Program Files\Microsoft Visual Studio\2022\Community\VC\Tools\MSVC\14.33.31629\include\memory(3141,9): warning C4150: usunięcie wskaźnika do niekompletnego typu "nGameEngine::GameObject"; brak wywołania destruktora
D:\cpp\GameEngine\GameEngine\Component.h(6): message : zobacz deklarację „nGameEngine::GameObject”
  Generowanie kodu...
